2017-02-23 22:41:32,648 INFO Reading Data From Config File
2017-02-23 22:41:34,651 INFO Your CIK IS 1652044 and Accession Number is 0001652044-17-000008
2017-02-23 22:41:34,652 INFO GENERATING THE URL
2017-02-23 22:41:34,655 INFO GENERATING URL TO GET 10-q or 10-k filing
2017-02-23 22:41:35,994 INFO 10-K FILING FOUND FOR YOUR CIK AND ACCESSION NUMBER PAIR
2017-02-23 22:41:35,995 INFO 10-K FILING FOUND FOR YOUR CIK AND ACCESSION NUMBER PAIR
2017-02-23 22:41:35,996 INFO Downloading 10-K Filing
2017-02-23 22:41:37,721 INFO PARSING ALL TABLES in 10-K filing
2017-02-23 22:41:37,918 INFO SAVING TABLES TO .csv file
2017-02-23 22:41:38,880 INFO .csv FILES CREATED
2017-02-23 22:41:39,882 INFO Program Ended
2017-02-23 22:42:10,216 INFO Reading Data From Config File
2017-02-23 22:42:12,219 INFO Your CIK IS 1652044 and Accession Number is 0001652044-17-000008
2017-02-23 22:42:12,220 INFO GENERATING THE URL
2017-02-23 22:42:12,224 INFO GENERATING URL TO GET 10-q or 10-k filing
2017-02-23 22:42:12,366 INFO 10-K FILING FOUND FOR YOUR CIK AND ACCESSION NUMBER PAIR
2017-02-23 22:42:12,367 INFO 10-K FILING FOUND FOR YOUR CIK AND ACCESSION NUMBER PAIR
2017-02-23 22:42:12,368 INFO Downloading 10-K Filing
2017-02-23 22:42:14,112 INFO PARSING ALL TABLES in 10-K filing
2017-02-23 22:42:14,292 INFO SAVING TABLES TO .csv file
2017-02-23 22:42:15,402 INFO .csv FILES CREATED
2017-02-23 22:42:16,403 INFO Program Ended
